tests/negative/block3_test.toit:7:6: error: Unexpected block
    (: print it)
     ^~~~~~~~~~
tests/negative/block3_test.toit:7:5: error: Set elements may not be blocks
    (: print it)
    ^
Compilation failed.
