tests/negative/class-name-test.toit:5:7: error: Expected class name
class [:
      ^
tests/negative/class-name-test.toit:9:6: error: Expected class name
class:
     ^
tests/negative/class-name-test.toit:13:7: error: Expected class name
class *
      ^
tests/negative/class-name-test.toit:18:7: error: Expected class name
class +
      ^
tests/negative/class-name-test.toit:23:6: error: Expected class name
class // comment
     ^~~~~~~~~~~
tests/negative/class-name-test.toit:25:6: error: Expected class name
class /* multiline
     ^
tests/negative/class-name-test.toit:7:5: error: Unresolved identifier: 'unresolved'
    unresolved
    ^~~~~~~~~~
tests/negative/class-name-test.toit:11:5: error: Unresolved identifier: 'unresolved'
    unresolved
    ^~~~~~~~~~
tests/negative/class-name-test.toit:16:5: error: Unresolved identifier: 'unresolved'
    unresolved
    ^~~~~~~~~~
tests/negative/class-name-test.toit:21:5: error: Unresolved identifier: 'unresolved'
    unresolved
    ^~~~~~~~~~
Compilation failed
