tests/negative/export-parser-test.toit:5:8: error: Expected export identifier
export 4
       ^
tests/negative/export-parser-test.toit:6:7: error: Incomplete export clause
export
      ^
tests/negative/export-parser-test.toit:7:8: error: Expected export identifier
export 4  // comment
       ^
tests/negative/export-parser-test.toit:8:7: error: Incomplete export clause
export    // comment
      ^~~~~~~~~~~~~~
tests/negative/export-parser-test.toit:9:8: error: Expected export identifier
export 4  /* comment
       ^
tests/negative/export-parser-test.toit:11:7: error: Incomplete export clause
export    /* comment
      ^
Compilation failed
