tests/negative/field-return-test.toit:6:12: error: Can't return from within a field initializer
  field := return
           ^~~~~~
tests/negative/field-return-test.toit:7:13: error: Can't return from within a field initializer
  field2 := return 499
            ^~~~~~
Couldn't find 'main' (with 0 or 1 argument) in entry file 'tests/negative/field-return-test.toit'
Compilation failed
