tests/negative/for_test.toit:6:6: error: Incomplete expression
  for
     ^
tests/negative/for_test.toit:6:6: error: Missing semicolon
  for
     ^
tests/negative/for_test.toit:6:6: note: Missing semicolon needed near here
  for
     ^
tests/negative/for_test.toit:8:5: error: Missing semicolon
    print unresolved
    ^~~~~
tests/negative/for_test.toit:7:7: note: Missing semicolon needed near here
  for break
      ^~~~~
tests/negative/for_test.toit:9:13: error: Missing semicolon
  for break print unresolved
            ^~~~~
tests/negative/for_test.toit:9:7: note: Missing semicolon needed near here
  for break print unresolved
      ^~~~~
tests/negative/for_test.toit:10:10: error: Incomplete expression
  for "".
         ^
tests/negative/for_test.toit:10:10: error: Missing semicolon
  for "".
         ^
tests/negative/for_test.toit:10:7: note: Missing semicolon needed near here
  for "".
      ^~
tests/negative/for_test.toit:13:14: error: Incomplete expression
  for x := 0;
             ^
tests/negative/for_test.toit:13:14: error: Missing semicolon
  for x := 0;
             ^
tests/negative/for_test.toit:13:14: note: Missing semicolon needed near here
  for x := 0;
             ^
tests/negative/for_test.toit:15:5: error: Missing semicolon
    print unresolved
    ^~~~~
tests/negative/for_test.toit:14:15: note: Missing semicolon needed near here
  for x := 0; break
              ^~~~~
tests/negative/for_test.toit:16:21: error: Missing semicolon
  for x := 0; break print unresolved
                    ^~~~~
tests/negative/for_test.toit:16:15: note: Missing semicolon needed near here
  for x := 0; break print unresolved
              ^~~~~
tests/negative/for_test.toit:17:18: error: Incomplete expression
  for x := 0; "".
                 ^
tests/negative/for_test.toit:17:18: error: Missing semicolon
  for x := 0; "".
                 ^
tests/negative/for_test.toit:17:15: note: Missing semicolon needed near here
  for x := 0; "".
              ^~
tests/negative/for_test.toit:20:20: error: Incomplete expression
  for x := 0; true;
                   ^
tests/negative/for_test.toit:20:20: error: Missing colon
  for x := 0; true;
                   ^
tests/negative/for_test.toit:20:20: note: Missing colon needed near here
  for x := 0; true;
                   ^
tests/negative/for_test.toit:22:5: error: Missing colon
    print unresolved
    ^~~~~
tests/negative/for_test.toit:21:21: note: Missing colon needed near here
  for x := 0; true; break
                    ^~~~~
tests/negative/for_test.toit:23:27: error: Missing colon
  for x := 0; true; break print unresolved
                          ^~~~~
tests/negative/for_test.toit:23:21: note: Missing colon needed near here
  for x := 0; true; break print unresolved
                    ^~~~~
tests/negative/for_test.toit:24:24: error: Incomplete expression
  for x := 0; true; "".
                       ^
tests/negative/for_test.toit:24:24: error: Missing colon
  for x := 0; true; "".
                       ^
tests/negative/for_test.toit:24:21: note: Missing colon needed near here
  for x := 0; true; "".
                    ^~
tests/negative/for_test.toit:27:31: error: Missing semicolon
  for x := 0; true: unresolved
                              ^
tests/negative/for_test.toit:27:15: note: Missing semicolon needed near here
  for x := 0; true: unresolved
              ^~~~
tests/negative/for_test.toit:29:5: error: Missing colon
    print unresolved
    ^~~~~
tests/negative/for_test.toit:28:21: note: Missing colon needed near here
  for x := 0; true; break
                    ^~~~~
tests/negative/for_test.toit:30:27: error: Missing colon
  for x := 0; true; break print : unresolved
                          ^~~~~
tests/negative/for_test.toit:30:21: note: Missing colon needed near here
  for x := 0; true; break print : unresolved
                    ^~~~~
tests/negative/for_test.toit:31:26: error: Expected identifier
  for x := 0; true; "".  : unresolved
                         ^
tests/negative/for_test.toit:7:7: error: 'break' must be inside loop
  for break
      ^~~~~
tests/negative/for_test.toit:8:11: error: Unresolved identifier: 'unresolved'
    print unresolved
          ^~~~~~~~~~
tests/negative/for_test.toit:9:7: error: 'break' must be inside loop
  for break print unresolved
      ^~~~~
tests/negative/for_test.toit:11:3: error: Unresolved identifier: 'unresolved'
  unresolved
  ^~~~~~~~~~
tests/negative/for_test.toit:14:15: error: 'break' must be inside loop
  for x := 0; break
              ^~~~~
tests/negative/for_test.toit:15:11: error: Unresolved identifier: 'unresolved'
    print unresolved
          ^~~~~~~~~~
tests/negative/for_test.toit:16:15: error: 'break' must be inside loop
  for x := 0; break print unresolved
              ^~~~~
tests/negative/for_test.toit:18:3: error: Unresolved identifier: 'unresolved'
  unresolved
  ^~~~~~~~~~
tests/negative/for_test.toit:21:21: error: 'break' must be inside loop
  for x := 0; true; break
                    ^~~~~
tests/negative/for_test.toit:22:11: error: Unresolved identifier: 'unresolved'
    print unresolved
          ^~~~~~~~~~
tests/negative/for_test.toit:23:21: error: 'break' must be inside loop
  for x := 0; true; break print unresolved
                    ^~~~~
tests/negative/for_test.toit:25:3: error: Unresolved identifier: 'unresolved'
  unresolved
  ^~~~~~~~~~
tests/negative/for_test.toit:27:21: error: Unresolved identifier: 'unresolved'
  for x := 0; true: unresolved
                    ^~~~~~~~~~
tests/negative/for_test.toit:27:15: error: Can't call result of evaluating expression
  for x := 0; true: unresolved
              ^~~~
tests/negative/for_test.toit:28:21: error: 'break' must be inside loop
  for x := 0; true; break
                    ^~~~~
tests/negative/for_test.toit:29:11: error: Unresolved identifier: 'unresolved'
    print unresolved
          ^~~~~~~~~~
tests/negative/for_test.toit:30:21: error: 'break' must be inside loop
  for x := 0; true; break print : unresolved
                    ^~~~~
tests/negative/for_test.toit:30:35: error: Unresolved identifier: 'unresolved'
  for x := 0; true; break print : unresolved
                                  ^~~~~~~~~~
tests/negative/for_test.toit:31:28: error: Unresolved identifier: 'unresolved'
  for x := 0; true; "".  : unresolved
                           ^~~~~~~~~~
tests/negative/for_test.toit:32:3: error: Unresolved identifier: 'unresolved'
  unresolved
  ^~~~~~~~~~
tests/negative/for_test.toit:34:17: error: Definition of variable not allowed at this location
  for x := 0; y := 1; x++:
                ^~
Compilation failed.
