tests/negative/indent8-test.toit:7:6: error: Unexpected delimiter
  fun)
     ^
tests/negative/indent8-test.toit:7:3: error: Argument mismatch for 'fun'
Block argument not provided
  fun)
  ^~~
tests/negative/indent8-test.toit:8:12: error: Unresolved identifier: 'unresolved'
  local := unresolved
           ^~~~~~~~~~
Compilation failed
