tests/negative/prefix_assign_test.toit:6:3: error: Can't use prefix 'prefix' as an expression
  prefix = unresolved
  ^~~~~~
tests/negative/prefix_assign_test.toit:6:12: error: Unresolved identifier: 'unresolved'
  prefix = unresolved
           ^~~~~~~~~~
Compilation failed.
